TN:
SF:src/App.tsx
FN:5,App
FNF:1
FNH:1
FNDA:2,App
DA:1,1
DA:2,1
DA:6,2
DA:15,1
LF:4
LH:4
BRF:0
BRH:0
end_of_record
TN:
SF:src/main.tsx
FNF:0
FNH:0
DA:1,1
DA:2,1
DA:3,1
DA:4,1
DA:5,1
DA:6,1
DA:7,1
DA:9,1
LF:8
LH:8
BRF:0
BRH:0
end_of_record
TN:
SF:src/components/buttons/fatButton/index.tsx
FN:15,(anonymous_0)
FNF:1
FNH:1
FNDA:12,(anonymous_0)
DA:1,2
DA:15,2
DA:25,12
DA:30,12
LF:4
LH:4
BRDA:18,0,0,10
BRDA:19,1,0,10
BRDA:20,2,0,11
BRDA:33,3,0,2
BRDA:33,3,1,10
BRDA:36,4,0,5
BRDA:36,4,1,7
BRDA:36,5,0,12
BRDA:36,5,1,7
BRDA:39,6,0,12
BRDA:39,6,1,2
BRF:11
BRH:11
end_of_record
TN:
SF:src/components/buttons/iconButton/index.tsx
FN:14,(anonymous_0)
FNF:1
FNH:1
FNDA:13,(anonymous_0)
DA:2,2
DA:14,2
DA:23,13
LF:3
LH:3
BRDA:17,0,0,13
BRDA:21,1,0,13
BRDA:26,2,0,0
BRDA:26,2,1,13
BRF:4
BRH:3
end_of_record
TN:
SF:src/components/buttons/simpleButton/index.tsx
FN:11,(anonymous_0)
FNF:1
FNH:1
FNDA:6,(anonymous_0)
DA:1,1
DA:11,1
DA:12,6
LF:3
LH:3
BRDA:11,0,0,5
BRDA:11,1,0,5
BRDA:11,2,0,5
BRDA:15,3,0,1
BRDA:15,3,1,5
BRF:5
BRH:5
end_of_record
TN:
SF:src/components/confirmationModal/index.tsx
FN:16,(anonymous_1)
FN:52,showConfirmationModal
FN:56,(anonymous_3)
FN:57,(anonymous_4)
FN:62,(anonymous_5)
FNF:5
FNH:4
FNDA:0,(anonymous_1)
FNDA:4,showConfirmationModal
FNDA:3,(anonymous_3)
FNDA:3,(anonymous_4)
FNDA:2,(anonymous_5)
DA:2,1
DA:3,1
DA:4,1
DA:5,1
DA:16,1
DA:24,0
DA:52,1
DA:53,4
DA:54,4
DA:55,4
DA:56,4
DA:57,3
DA:58,3
DA:59,3
DA:62,4
DA:63,2
DA:64,2
DA:67,4
DA:76,1
LF:19
LH:18
BRDA:22,0,0,0
BRDA:38,1,0,0
BRDA:38,1,1,0
BRDA:64,2,0,1
BRF:4
BRH:1
end_of_record
TN:
SF:src/components/filters/index.tsx
FN:21,(anonymous_0)
FN:32,(anonymous_1)
FN:42,(anonymous_2)
FN:44,(anonymous_3)
FN:55,(anonymous_4)
FN:58,(anonymous_5)
FN:75,(anonymous_6)
FN:81,(anonymous_7)
FN:87,(anonymous_8)
FN:88,(anonymous_9)
FNF:10
FNH:10
FNDA:12,(anonymous_0)
FNDA:6,(anonymous_1)
FNDA:1,(anonymous_2)
FNDA:3,(anonymous_3)
FNDA:1,(anonymous_4)
FNDA:3,(anonymous_5)
FNDA:36,(anonymous_6)
FNDA:5,(anonymous_7)
FNDA:36,(anonymous_8)
FNDA:1,(anonymous_9)
DA:1,1
DA:2,1
DA:3,1
DA:4,1
DA:5,1
DA:7,1
DA:8,1
DA:21,1
DA:30,12
DA:32,12
DA:33,6
DA:37,6
DA:38,6
DA:42,12
DA:44,1
DA:45,3
DA:46,3
DA:48,3
DA:50,1
DA:51,1
DA:55,12
DA:56,1
DA:58,1
DA:59,3
DA:60,2
DA:62,3
DA:64,1
DA:68,12
DA:76,36
DA:81,5
DA:87,36
DA:88,1
LF:32
LH:32
BRDA:26,0,0,11
BRDA:45,1,0,3
BRDA:50,2,0,1
BRDA:56,3,0,1
BRDA:59,4,0,2
BRDA:77,5,0,24
BRDA:77,5,1,12
BRDA:80,6,0,24
BRDA:80,6,1,15
BRDA:86,7,0,12
BRDA:86,7,1,11
BRDA:87,8,0,12
BRDA:87,8,1,0
BRDA:93,9,0,12
BRDA:93,9,1,1
BRF:15
BRH:14
end_of_record
TN:
SF:src/components/guideCard/index.tsx
FN:15,(anonymous_0)
FN:25,(anonymous_1)
FN:31,(anonymous_2)
FNF:3
FNH:3
FNDA:6,(anonymous_0)
FNDA:2,(anonymous_1)
FNDA:2,(anonymous_2)
DA:1,1
DA:2,1
DA:3,1
DA:15,1
DA:25,6
DA:26,2
DA:27,1
DA:31,6
DA:32,2
DA:33,1
DA:39,6
DA:41,6
LF:12
LH:12
BRDA:26,0,0,1
BRDA:32,1,0,1
BRDA:55,2,0,6
BRDA:55,2,1,5
BRF:4
BRH:4
end_of_record
TN:
SF:src/components/icon/index.tsx
FN:7,(anonymous_1)
FNF:1
FNH:1
FNDA:2,(anonymous_1)
DA:7,2
DA:8,2
LF:2
LH:2
BRF:0
BRH:0
end_of_record
TN:
SF:src/components/inputs/inputCheckBox/index.tsx
FN:9,(anonymous_0)
FN:16,(anonymous_1)
FNF:2
FNH:2
FNDA:6,(anonymous_0)
FNDA:2,(anonymous_1)
DA:1,1
DA:9,1
DA:10,6
DA:16,2
LF:4
LH:4
BRF:0
BRH:0
end_of_record
TN:
SF:src/components/inputs/inputDate/index.tsx
FN:13,(anonymous_0)
FN:18,(anonymous_1)
FNF:2
FNH:2
FNDA:7,(anonymous_0)
FNDA:2,(anonymous_1)
DA:1,1
DA:2,1
DA:3,1
DA:4,1
DA:5,1
DA:13,1
DA:14,7
DA:18,7
DA:19,2
DA:20,2
DA:21,1
DA:23,1
DA:27,7
LF:13
LH:13
BRDA:15,0,0,3
BRDA:15,0,1,4
BRDA:20,1,0,1
BRDA:20,1,1,1
BRF:4
BRH:4
end_of_record
TN:
SF:src/components/inputs/inputFile/index.tsx
FN:15,(anonymous_1)
FN:21,(anonymous_2)
FN:43,(anonymous_3)
FN:69,(anonymous_4)
FN:89,(anonymous_5)
FN:98,(anonymous_6)
FN:103,(anonymous_7)
FN:107,(anonymous_8)
FN:129,(anonymous_9)
FN:134,(anonymous_10)
FN:180,(anonymous_11)
FN:215,(anonymous_12)
FN:240,(anonymous_13)
FN:262,(anonymous_14)
FN:300,(anonymous_15)
FN:302,(anonymous_16)
FNF:16
FNH:15
FNDA:33,(anonymous_1)
FNDA:2,(anonymous_2)
FNDA:21,(anonymous_3)
FNDA:19,(anonymous_4)
FNDA:1,(anonymous_5)
FNDA:19,(anonymous_6)
FNDA:2,(anonymous_7)
FNDA:1,(anonymous_8)
FNDA:4,(anonymous_9)
FNDA:4,(anonymous_10)
FNDA:0,(anonymous_11)
FNDA:1,(anonymous_12)
FNDA:1,(anonymous_13)
FNDA:2,(anonymous_14)
FNDA:1,(anonymous_15)
FNDA:1,(anonymous_16)
DA:2,1
DA:5,1
DA:6,1
DA:7,1
DA:8,1
DA:11,1
DA:15,1
DA:16,33
DA:17,18
DA:21,1
DA:22,2
DA:23,2
DA:43,1
DA:58,21
DA:60,21
DA:62,21
DA:64,21
DA:66,21
DA:69,21
DA:70,19
DA:72,18
DA:74,0
DA:77,18
DA:79,1
DA:89,21
DA:91,1
DA:93,1
DA:98,21
DA:103,21
DA:104,2
DA:107,21
DA:109,1
DA:110,1
DA:113,1
DA:114,1
DA:117,1
DA:118,1
DA:122,1
DA:124,1
DA:129,21
DA:130,4
DA:134,21
DA:135,4
DA:138,4
DA:139,0
DA:140,0
DA:141,0
DA:145,4
DA:146,4
DA:148,4
DA:149,4
DA:152,4
DA:153,4
DA:156,4
DA:157,4
DA:159,4
DA:160,3
DA:161,3
DA:162,3
DA:163,1
DA:164,1
DA:165,1
DA:166,1
DA:170,4
DA:171,2
DA:174,2
DA:175,2
DA:178,4
DA:179,4
DA:180,4
DA:181,0
DA:183,4
DA:187,21
DA:190,21
DA:193,21
DA:196,21
DA:200,21
DA:215,1
DA:242,1
DA:264,2
DA:265,2
DA:266,2
DA:290,21
DA:300,1
DA:303,1
DA:304,1
LF:86
LH:81
BRDA:16,0,0,15
BRDA:17,1,0,18
BRDA:17,1,1,15
BRDA:22,2,0,0
BRDA:23,3,0,2
BRDA:23,3,1,2
BRDA:47,4,0,17
BRDA:48,5,0,21
BRDA:49,6,0,19
BRDA:50,7,0,19
BRDA:70,8,0,18
BRDA:72,9,0,0
BRDA:72,9,1,18
BRDA:72,10,0,18
BRDA:72,10,1,1
BRDA:72,10,2,1
BRDA:77,11,0,1
BRDA:77,12,0,18
BRDA:77,12,1,2
BRDA:77,12,2,0
BRDA:77,12,3,2
BRDA:91,13,0,1
BRDA:104,14,0,0
BRDA:104,14,1,2
BRDA:104,15,0,2
BRDA:104,15,1,2
BRDA:114,16,0,0
BRDA:114,16,1,1
BRDA:114,17,0,1
BRDA:114,17,1,1
BRDA:117,18,0,1
BRDA:122,19,0,1
BRDA:135,20,0,0
BRDA:135,20,1,4
BRDA:135,21,0,4
BRDA:135,21,1,4
BRDA:138,22,0,0
BRDA:159,23,0,3
BRDA:159,23,1,1
BRDA:163,24,0,1
BRDA:170,25,0,2
BRDA:187,26,0,21
BRDA:187,26,1,6
BRDA:187,26,2,20
BRDA:187,26,3,1
BRDA:190,27,0,21
BRDA:190,27,1,6
BRDA:190,27,2,16
BRDA:190,27,3,1
BRDA:190,27,4,1
BRDA:190,28,0,1
BRDA:190,28,1,0
BRDA:193,29,0,1
BRDA:193,29,1,20
BRDA:196,30,0,21
BRDA:196,30,1,2
BRDA:196,30,2,1
BRDA:196,31,0,0
BRDA:196,31,1,1
BRDA:196,32,0,1
BRDA:196,32,1,1
BRDA:200,33,0,2
BRDA:200,33,1,19
BRDA:203,34,0,1
BRDA:203,34,1,1
BRDA:206,35,0,1
BRDA:206,35,1,0
BRDA:215,36,0,1
BRDA:215,36,1,0
BRDA:232,37,0,6
BRDA:232,37,1,13
BRDA:237,38,0,6
BRDA:237,38,1,1
BRDA:264,39,0,2
BRDA:264,40,0,2
BRDA:264,40,1,1
BRDA:269,41,0,3
BRDA:269,41,1,10
BRDA:269,42,0,9
BRDA:269,42,1,1
BRDA:276,43,0,3
BRDA:276,43,1,10
BRDA:276,44,0,9
BRDA:276,44,1,1
BRDA:280,45,0,3
BRDA:280,45,1,10
BRDA:282,46,0,9
BRDA:282,46,1,1
BRDA:293,47,0,3
BRDA:293,47,1,18
BRDA:293,48,0,21
BRDA:293,48,1,20
BRDA:297,49,0,21
BRDA:297,49,1,6
BRDA:303,50,0,1
BRDA:319,51,0,3
BRDA:319,51,1,18
BRDA:319,52,0,21
BRDA:319,52,1,1
BRDA:319,52,2,20
BRDA:319,52,3,2
BRDA:321,53,0,1
BRDA:321,53,1,2
BRDA:321,54,0,3
BRDA:321,54,1,1
BRDA:327,55,0,17
BRDA:327,55,1,4
BRDA:328,56,0,3
BRDA:328,56,1,1
BRF:109
BRH:98
end_of_record
TN:
SF:src/components/inputs/inputPassword/index.tsx
FN:17,(anonymous_0)
FN:29,(anonymous_1)
FN:41,(anonymous_2)
FN:70,(anonymous_3)
FNF:4
FNH:4
FNDA:10,(anonymous_0)
FNDA:1,(anonymous_1)
FNDA:2,(anonymous_2)
FNDA:1,(anonymous_3)
DA:1,1
DA:2,1
DA:3,1
DA:4,1
DA:17,1
DA:26,10
DA:27,10
DA:29,10
DA:30,1
DA:33,10
DA:43,2
DA:44,1
DA:45,1
DA:50,1
DA:70,1
LF:15
LH:15
BRDA:22,0,0,5
BRDA:37,1,0,10
BRDA:37,1,1,4
BRDA:43,2,0,1
BRDA:54,3,0,1
BRDA:54,3,1,3
BRDA:60,4,0,1
BRDA:60,4,1,9
BRDA:61,5,0,1
BRDA:61,5,1,9
BRDA:72,6,0,1
BRDA:72,6,1,9
BRDA:80,7,0,10
BRDA:80,7,1,1
BRF:14
BRH:14
end_of_record
TN:
SF:src/components/inputs/inputSearch/index.tsx
FN:10,(anonymous_1)
FN:11,(anonymous_2)
FNF:2
FNH:2
FNDA:4,(anonymous_1)
FNDA:4,(anonymous_2)
DA:2,1
DA:3,1
DA:10,1
DA:11,4
DA:12,4
DA:15,4
LF:6
LH:6
BRDA:10,0,0,3
BRF:1
BRH:1
end_of_record
TN:
SF:src/components/inputs/inputSelect/index.tsx
FN:11,(anonymous_0)
FN:17,(anonymous_1)
FN:23,(anonymous_2)
FNF:3
FNH:3
FNDA:8,(anonymous_0)
FNDA:1,(anonymous_1)
FNDA:24,(anonymous_2)
DA:1,1
DA:11,1
DA:12,8
DA:17,1
DA:24,24
LF:5
LH:5
BRDA:24,0,0,18
BRDA:24,0,1,6
BRF:2
BRH:2
end_of_record
TN:
SF:src/components/inputs/inputSelectCategoryModal/index.tsx
FN:32,(anonymous_8)
FN:36,(anonymous_9)
FN:36,(anonymous_10)
FN:40,(anonymous_11)
FN:51,(anonymous_12)
FN:81,(anonymous_13)
FN:94,(anonymous_14)
FN:111,(anonymous_15)
FN:136,(anonymous_16)
FN:141,(anonymous_17)
FN:142,(anonymous_18)
FN:144,(anonymous_19)
FN:153,(anonymous_20)
FN:159,(anonymous_21)
FN:162,(anonymous_22)
FN:162,(anonymous_23)
FN:188,(anonymous_24)
FN:195,(anonymous_25)
FNF:18
FNH:7
FNDA:6,(anonymous_8)
FNDA:0,(anonymous_9)
FNDA:0,(anonymous_10)
FNDA:0,(anonymous_11)
FNDA:0,(anonymous_12)
FNDA:0,(anonymous_13)
FNDA:0,(anonymous_14)
FNDA:0,(anonymous_15)
FNDA:27,(anonymous_16)
FNDA:0,(anonymous_17)
FNDA:0,(anonymous_18)
FNDA:0,(anonymous_19)
FNDA:1,(anonymous_20)
FNDA:1,(anonymous_21)
FNDA:1,(anonymous_22)
FNDA:1,(anonymous_23)
FNDA:2,(anonymous_24)
FNDA:0,(anonymous_25)
DA:1,1
DA:2,1
DA:3,1
DA:4,1
DA:6,1
DA:7,1
DA:8,1
DA:9,1
DA:10,1
DA:11,1
DA:13,1
DA:14,1
DA:17,1
DA:32,1
DA:36,6
DA:38,0
DA:40,0
DA:45,0
DA:51,6
DA:53,0
DA:55,0
DA:56,0
DA:71,6
DA:81,6
DA:82,0
DA:94,6
DA:97,6
DA:102,6
DA:113,0
DA:114,0
DA:115,0
DA:137,27
DA:141,0
DA:142,0
DA:144,0
DA:154,1
DA:155,1
DA:162,1
DA:163,1
DA:164,1
DA:165,1
DA:166,1
DA:168,0
DA:170,1
DA:190,2
DA:191,1
DA:199,1
LF:47
LH:33
BRDA:55,0,0,0
BRDA:94,1,0,1
BRDA:94,1,1,5
BRDA:94,2,0,6
BRDA:94,2,1,6
BRDA:105,3,0,6
BRDA:105,3,1,1
BRDA:107,4,0,0
BRDA:107,4,1,6
BRDA:113,5,0,0
BRDA:113,6,0,0
BRDA:113,6,1,0
BRDA:123,7,0,6
BRDA:123,7,1,0
BRDA:123,7,2,0
BRDA:158,8,0,0
BRDA:158,8,1,1
BRDA:190,9,0,1
BRDA:190,9,1,1
BRF:19
BRH:11
end_of_record
TN:
SF:src/components/inputs/inputSelectDropdown/index.tsx
FN:19,(anonymous_1)
FN:30,(anonymous_2)
FN:34,(anonymous_3)
FN:35,(anonymous_4)
FN:42,(anonymous_5)
FN:53,(anonymous_6)
FN:63,(anonymous_7)
FN:68,(anonymous_8)
FNF:8
FNH:8
FNDA:11,(anonymous_1)
FNDA:32,(anonymous_2)
FNDA:6,(anonymous_3)
FNDA:1,(anonymous_4)
FNDA:6,(anonymous_5)
FNDA:3,(anonymous_6)
FNDA:9,(anonymous_7)
FNDA:1,(anonymous_8)
DA:1,1
DA:2,1
DA:3,1
DA:19,1
DA:26,11
DA:27,11
DA:30,32
DA:31,11
DA:34,11
DA:35,6
DA:36,1
DA:37,1
DA:41,6
DA:42,6
DA:43,6
DA:47,11
DA:53,3
DA:64,9
DA:69,1
DA:70,1
LF:20
LH:20
BRDA:23,0,0,10
BRDA:31,1,0,1
BRDA:31,1,1,10
BRDA:36,2,0,1
BRDA:36,3,0,1
BRDA:36,3,1,1
BRDA:49,4,0,11
BRDA:49,4,1,1
BRDA:52,5,0,3
BRDA:52,5,1,8
BRDA:58,6,0,3
BRDA:58,6,1,8
BRDA:61,7,0,11
BRDA:61,7,1,3
BRDA:67,8,0,0
BRDA:67,8,1,9
BRF:16
BRH:15
end_of_record
TN:
SF:src/components/inputs/inputSelectDropdownSimple/index.tsx
FN:14,(anonymous_1)
FN:25,(anonymous_2)
FN:29,(anonymous_3)
FN:30,(anonymous_4)
FN:37,(anonymous_5)
FN:48,(anonymous_6)
FN:58,(anonymous_7)
FN:63,(anonymous_8)
FNF:8
FNH:8
FNDA:22,(anonymous_1)
FNDA:27,(anonymous_2)
FNDA:14,(anonymous_3)
FNDA:1,(anonymous_4)
FNDA:14,(anonymous_5)
FNDA:6,(anonymous_6)
FNDA:15,(anonymous_7)
FNDA:1,(anonymous_8)
DA:1,2
DA:3,2
DA:4,2
DA:14,2
DA:21,22
DA:22,22
DA:25,27
DA:26,22
DA:29,22
DA:30,14
DA:31,1
DA:32,1
DA:36,14
DA:37,14
DA:38,14
DA:42,22
DA:48,6
DA:59,15
DA:64,1
DA:65,1
LF:20
LH:20
BRDA:18,0,0,21
BRDA:26,1,0,17
BRDA:26,1,1,5
BRDA:26,2,0,16
BRDA:26,2,1,1
BRDA:31,3,0,1
BRDA:31,4,0,1
BRDA:31,4,1,1
BRDA:44,5,0,22
BRDA:44,5,1,4
BRDA:47,6,0,5
BRDA:47,6,1,17
BRDA:53,7,0,5
BRDA:53,7,1,17
BRDA:56,8,0,22
BRDA:56,8,1,5
BRDA:62,9,0,5
BRDA:62,9,1,10
BRF:18
BRH:18
end_of_record
TN:
SF:src/components/inputs/inputSelectModal/index.tsx
FN:21,(anonymous_1)
FN:32,(anonymous_2)
FN:41,(anonymous_3)
FN:47,(anonymous_4)
FN:49,(anonymous_5)
FN:54,(anonymous_6)
FNF:6
FNH:6
FNDA:14,(anonymous_1)
FNDA:35,(anonymous_2)
FNDA:4,(anonymous_3)
FNDA:2,(anonymous_4)
FNDA:36,(anonymous_5)
FNDA:1,(anonymous_6)
DA:1,1
DA:2,1
DA:3,1
DA:4,1
DA:21,1
DA:29,14
DA:32,35
DA:33,14
DA:35,14
DA:41,4
DA:47,2
DA:50,36
DA:54,1
LF:13
LH:13
BRDA:25,0,0,13
BRDA:26,1,0,10
BRDA:33,2,0,1
BRDA:33,2,1,13
BRDA:37,3,0,14
BRDA:37,3,1,1
BRDA:47,4,0,14
BRDA:47,4,1,10
BRF:8
BRH:8
end_of_record
TN:
SF:src/components/inputs/inputSelectModalSimple/index.tsx
FN:16,(anonymous_1)
FN:32,(anonymous_2)
FN:35,(anonymous_3)
FN:48,(anonymous_4)
FN:50,(anonymous_5)
FN:54,(anonymous_6)
FN:57,(anonymous_7)
FNF:7
FNH:5
FNDA:13,(anonymous_1)
FNDA:4,(anonymous_2)
FNDA:0,(anonymous_3)
FNDA:3,(anonymous_4)
FNDA:39,(anonymous_5)
FNDA:1,(anonymous_6)
FNDA:0,(anonymous_7)
DA:1,1
DA:2,1
DA:4,1
DA:5,1
DA:16,1
DA:24,13
DA:25,13
DA:27,13
DA:32,4
DA:37,0
DA:38,0
DA:39,0
DA:48,3
DA:51,39
DA:54,1
DA:58,0
DA:59,0
DA:60,0
DA:61,0
LF:19
LH:12
BRDA:20,0,0,12
BRDA:21,1,0,11
BRDA:25,2,0,13
BRDA:25,2,1,12
BRDA:29,3,0,13
BRDA:29,3,1,4
BRDA:37,4,0,0
BRDA:37,5,0,0
BRDA:37,5,1,0
BRDA:48,6,0,13
BRDA:48,6,1,11
BRDA:58,7,0,0
BRDA:58,8,0,0
BRDA:58,8,1,0
BRF:14
BRH:8
end_of_record
TN:
SF:src/components/inputs/inputSwitch/index.tsx
FN:10,(anonymous_0)
FN:15,(anonymous_1)
FNF:2
FNH:2
FNDA:9,(anonymous_0)
FNDA:3,(anonymous_1)
DA:2,1
DA:10,1
DA:15,9
DA:16,3
DA:17,2
DA:21,9
LF:6
LH:6
BRDA:13,0,0,6
BRDA:16,1,0,2
BRDA:16,2,0,3
BRDA:16,2,1,2
BRDA:23,3,0,2
BRDA:23,3,1,7
BRDA:23,4,0,3
BRDA:23,4,1,6
BRDA:27,5,0,3
BRDA:27,5,1,6
BRF:10
BRH:10
end_of_record
TN:
SF:src/components/inputs/inputText/index.tsx
FN:16,(anonymous_0)
FN:31,(anonymous_1)
FN:42,(anonymous_2)
FNF:3
FNH:2
FNDA:9,(anonymous_0)
FNDA:1,(anonymous_1)
FNDA:0,(anonymous_2)
DA:2,1
DA:3,1
DA:16,1
DA:26,9
DA:29,9
DA:31,9
DA:32,1
DA:35,9
DA:42,0
LF:9
LH:8
BRDA:29,0,0,3
BRDA:29,0,1,6
BRDA:38,1,0,1
BRDA:38,1,1,8
BRDA:40,2,0,0
BRDA:40,2,1,1
BRDA:40,3,0,1
BRDA:40,3,1,1
BRDA:49,4,0,4
BRDA:49,4,1,4
BRDA:49,5,0,8
BRDA:49,5,1,6
BRDA:56,6,0,9
BRDA:56,6,1,2
BRDA:62,7,0,9
BRDA:62,7,1,2
BRF:16
BRH:15
end_of_record
TN:
SF:src/components/loading/index.tsx
FN:9,(anonymous_0)
FNF:1
FNH:1
FNDA:5,(anonymous_0)
DA:2,1
DA:9,1
DA:13,5
LF:3
LH:3
BRDA:10,0,0,2
BRDA:11,1,0,3
BRF:2
BRH:2
end_of_record
TN:
SF:src/components/modal/index.tsx
FN:12,(anonymous_0)
FN:17,(anonymous_1)
FNF:2
FNH:2
FNDA:8,(anonymous_0)
FNDA:2,(anonymous_1)
DA:2,1
DA:12,1
DA:13,8
DA:15,7
DA:17,2
LF:5
LH:5
BRDA:13,0,0,1
BRDA:17,1,0,1
BRDA:17,1,1,6
BRDA:17,2,0,7
BRDA:17,2,1,7
BRDA:18,3,0,7
BRDA:18,3,1,6
BRF:7
BRH:7
end_of_record
TN:
SF:src/components/newCategory/index.tsx
FN:17,(anonymous_0)
FNF:1
FNH:1
FNDA:8,(anonymous_0)
DA:2,1
DA:3,1
DA:4,1
DA:5,1
DA:17,1
DA:18,8
DA:19,7
LF:7
LH:7
BRDA:18,0,0,1
BRDA:28,1,0,7
BRDA:28,1,1,1
BRDA:34,2,0,1
BRDA:34,2,1,6
BRF:5
BRH:5
end_of_record
TN:
SF:src/components/notificationCard/index.tsx
FN:14,(anonymous_1)
FN:46,(anonymous_2)
FN:54,(anonymous_3)
FN:56,(anonymous_4)
FN:59,(anonymous_5)
FN:64,(anonymous_6)
FN:71,(anonymous_7)
FN:77,(anonymous_8)
FN:81,(anonymous_9)
FN:87,(anonymous_10)
FN:92,(anonymous_11)
FN:113,showNotification
FNF:12
FNH:9
FNDA:13,(anonymous_1)
FNDA:4,(anonymous_2)
FNDA:4,(anonymous_3)
FNDA:0,(anonymous_4)
FNDA:0,(anonymous_5)
FNDA:4,(anonymous_6)
FNDA:0,(anonymous_7)
FNDA:2,(anonymous_8)
FNDA:2,(anonymous_9)
FNDA:2,(anonymous_10)
FNDA:4,(anonymous_11)
FNDA:7,showNotification
DA:1,1
DA:2,1
DA:3,1
DA:4,1
DA:14,1
DA:20,13
DA:21,13
DA:46,1
DA:49,4
DA:50,4
DA:52,4
DA:54,4
DA:56,4
DA:57,0
DA:59,0
DA:60,0
DA:64,4
DA:65,4
DA:69,4
DA:71,0
DA:77,1
DA:78,2
DA:81,2
DA:86,2
DA:87,2
DA:90,2
DA:93,4
DA:109,1
DA:110,1
DA:113,1
DA:124,7
DA:126,7
DA:129,7
DA:130,1
DA:131,1
DA:135,6
DA:136,6
DA:137,6
DA:139,6
DA:143,1
DA:147,5
DA:153,5
DA:164,1
LF:43
LH:39
BRDA:23,0,0,10
BRDA:23,0,1,3
BRDA:48,1,0,0
BRDA:70,2,0,4
BRDA:70,2,1,0
BRDA:99,3,0,4
BRDA:99,3,1,0
BRDA:117,4,0,6
BRDA:129,5,0,1
BRDA:129,6,0,7
BRDA:129,6,1,7
BRDA:136,7,0,6
BRDA:136,7,1,0
BRDA:139,8,0,1
BRDA:139,9,0,6
BRDA:139,9,1,1
BRDA:139,9,2,1
BRF:17
BRH:13
end_of_record
TN:
SF:src/components/notificationTest/notificationTest.tsx
FN:6,(anonymous_1)
FN:7,(anonymous_2)
FN:16,(anonymous_3)
FNF:3
FNH:3
FNDA:4,(anonymous_1)
FNDA:1,(anonymous_2)
FNDA:1,(anonymous_3)
DA:2,1
DA:3,1
DA:4,1
DA:6,1
DA:7,4
DA:8,1
DA:16,4
DA:17,1
DA:25,4
DA:57,1
LF:10
LH:10
BRF:0
BRH:0
end_of_record
TN:
SF:src/components/pageTransition/index.tsx
FN:30,(anonymous_0)
FNF:1
FNH:1
FNDA:3,(anonymous_0)
DA:1,1
DA:8,1
DA:30,1
DA:31,3
LF:4
LH:4
BRF:0
BRH:0
end_of_record
TN:
SF:src/components/serviceCard/index.tsx
FN:17,(anonymous_1)
FN:18,(anonymous_2)
FN:19,(anonymous_3)
FN:21,(anonymous_4)
FN:51,(anonymous_5)
FNF:5
FNH:2
FNDA:0,(anonymous_1)
FNDA:0,(anonymous_2)
FNDA:0,(anonymous_3)
FNDA:8,(anonymous_4)
FNDA:2,(anonymous_5)
DA:1,1
DA:2,1
DA:3,1
DA:4,1
DA:17,1
DA:18,1
DA:19,1
DA:21,1
DA:31,8
DA:52,2
DA:53,2
LF:11
LH:11
BRDA:26,0,0,1
BRDA:27,1,0,1
BRDA:28,2,0,1
BRDA:29,3,0,7
BRDA:43,4,0,1
BRDA:43,4,1,7
BRDA:53,5,0,2
BRDA:58,6,0,8
BRDA:58,6,1,7
BRF:9
BRH:9
end_of_record
TN:
SF:src/components/sideBar/index.tsx
FN:26,(anonymous_1)
FN:43,(anonymous_2)
FN:48,(anonymous_3)
FN:58,(anonymous_4)
FNF:4
FNH:4
FNDA:6,(anonymous_1)
FNDA:30,(anonymous_2)
FNDA:2,(anonymous_3)
FNDA:1,(anonymous_4)
DA:1,1
DA:5,1
DA:13,1
DA:14,1
DA:15,1
DA:18,1
DA:26,1
DA:27,6
DA:28,6
DA:30,6
DA:44,30
DA:48,2
DA:59,1
DA:60,1
LF:14
LH:14
BRF:0
BRH:0
end_of_record
TN:
SF:src/components/sideBar/optionCard/index.tsx
FN:12,(anonymous_0)
FNF:1
FNH:1
FNDA:5,(anonymous_0)
DA:1,1
DA:2,1
DA:3,1
DA:12,1
DA:13,5
LF:5
LH:5
BRDA:12,0,0,3
BRDA:14,1,0,1
BRDA:14,1,1,4
BRF:3
BRH:3
end_of_record
TN:
SF:src/components/table/index.tsx
FN:47,(anonymous_1)
FN:58,(anonymous_2)
FN:77,(anonymous_3)
FN:87,(anonymous_4)
FN:104,(anonymous_5)
FN:108,(anonymous_6)
FN:149,(anonymous_7)
FN:151,(anonymous_8)
FN:154,(anonymous_9)
FNF:9
FNH:8
FNDA:11,(anonymous_1)
FNDA:11,(anonymous_2)
FNDA:1,(anonymous_3)
FNDA:1,(anonymous_4)
FNDA:34,(anonymous_5)
FNDA:0,(anonymous_6)
FNDA:17,(anonymous_7)
FNDA:52,(anonymous_8)
FNDA:2,(anonymous_9)
DA:1,1
DA:11,1
DA:12,1
DA:13,1
DA:14,1
DA:15,1
DA:16,1
DA:47,1
DA:58,11
DA:59,11
DA:61,4
DA:62,4
DA:65,4
DA:66,4
DA:68,4
DA:77,1
DA:87,1
DA:98,11
DA:105,34
DA:109,0
DA:110,0
DA:111,0
DA:150,17
DA:152,52
DA:154,2
LF:25
LH:22
BRDA:50,0,0,10
BRDA:52,1,0,10
BRDA:55,2,0,11
BRDA:56,3,0,11
BRDA:59,4,0,7
BRDA:78,5,0,4
BRDA:78,5,1,2
BRDA:88,6,0,4
BRDA:88,6,1,3
BRDA:109,7,0,0
BRDA:109,8,0,0
BRDA:109,8,1,0
BRDA:109,8,2,0
BRDA:110,9,0,0
BRDA:110,9,1,0
BRDA:110,10,0,0
BRDA:110,10,1,0
BRDA:114,11,0,0
BRDA:114,11,1,34
BRDA:118,12,0,34
BRDA:118,12,1,0
BRDA:118,12,2,0
BRDA:120,13,0,0
BRDA:120,13,1,0
BRDA:129,14,0,1
BRDA:129,14,1,10
BRDA:135,15,0,1
BRDA:135,15,1,9
BRDA:154,16,0,1
BRDA:154,16,1,1
BRDA:154,17,0,2
BRDA:154,17,1,2
BRDA:155,18,0,1
BRDA:155,18,1,51
BRDA:157,19,0,2
BRDA:157,19,1,50
BRF:36
BRH:23
end_of_record
TN:
SF:src/components/titleSearch/index.tsx
FN:23,(anonymous_0)
FN:39,(anonymous_1)
FNF:2
FNH:1
FNDA:9,(anonymous_0)
FNDA:0,(anonymous_1)
DA:1,1
DA:2,1
DA:3,1
DA:4,1
DA:5,1
DA:23,1
DA:32,9
LF:7
LH:7
BRDA:36,0,0,9
BRDA:36,0,1,2
BRDA:39,1,0,2
BRDA:39,1,1,1
BRDA:46,2,0,9
BRDA:46,2,1,1
BRDA:48,3,0,2
BRDA:48,3,1,7
BRDA:55,4,0,7
BRDA:55,4,1,2
BRF:10
BRH:10
end_of_record
TN:
SF:src/components/vehiclesModal/index.tsx
FN:21,(anonymous_1)
FN:28,(anonymous_2)
FN:32,(anonymous_3)
FN:33,(anonymous_4)
FN:40,(anonymous_5)
FN:58,(anonymous_6)
FN:80,(anonymous_7)
FNF:7
FNH:6
FNDA:6,(anonymous_1)
FNDA:0,(anonymous_2)
FNDA:6,(anonymous_3)
FNDA:5,(anonymous_4)
FNDA:10,(anonymous_5)
FNDA:24,(anonymous_6)
FNDA:10,(anonymous_7)
DA:1,1
DA:2,1
DA:4,1
DA:5,1
DA:6,1
DA:14,1
DA:21,1
DA:26,6
DA:28,6
DA:29,0
DA:32,6
DA:33,6
DA:34,5
DA:35,5
DA:37,5
DA:40,6
DA:41,10
DA:42,10
DA:43,10
DA:50,6
DA:59,24
DA:81,10
LF:22
LH:21
BRDA:29,0,0,0
BRDA:29,0,1,0
BRDA:34,1,0,5
BRDA:34,1,1,0
BRDA:35,2,0,5
BRDA:35,2,1,0
BRDA:37,3,0,0
BRDA:37,3,1,5
BRDA:41,4,0,0
BRDA:61,5,0,6
BRDA:61,5,1,18
BRDA:62,6,0,6
BRDA:62,6,1,18
BRDA:67,7,0,24
BRDA:67,7,1,6
BRDA:69,8,0,0
BRDA:69,8,1,6
BRDA:77,9,0,1
BRDA:77,9,1,5
BRF:19
BRH:12
end_of_record
TN:
SF:src/components/verifyIcon/index.tsx
FN:9,(anonymous_1)
FNF:1
FNH:1
FNDA:4,(anonymous_1)
DA:2,1
DA:3,1
DA:9,1
DA:10,4
LF:4
LH:4
BRDA:11,0,0,2
BRDA:11,0,1,2
BRDA:12,1,0,2
BRDA:12,1,1,2
BRF:4
BRH:4
end_of_record
TN:
SF:src/customHooks/components/filters/customHook.ts
FN:15,(anonymous_7)
FN:19,(anonymous_8)
FN:19,(anonymous_9)
FNF:3
FNH:3
FNDA:11,(anonymous_7)
FNDA:5,(anonymous_8)
FNDA:5,(anonymous_9)
DA:1,1
DA:2,1
DA:3,1
DA:15,1
DA:16,11
DA:17,11
DA:19,11
DA:20,5
DA:21,5
DA:22,5
DA:24,5
DA:26,5
DA:28,1
DA:31,4
DA:34,4
DA:35,0
DA:36,4
DA:38,0
DA:42,4
DA:45,3
DA:48,3
DA:49,3
DA:50,3
DA:51,3
DA:52,3
DA:53,3
DA:54,3
DA:56,3
DA:58,2
DA:59,2
DA:60,2
DA:62,5
DA:66,11
LF:33
LH:31
BRDA:19,0,0,4
BRDA:26,1,0,1
BRDA:26,1,1,4
BRDA:34,2,0,0
BRDA:34,2,1,4
BRDA:36,3,0,0
BRDA:58,4,0,1
BRDA:58,4,1,1
BRF:8
BRH:6
end_of_record
TN:
SF:src/customHooks/components/inputPassword/customHook.ts
FN:11,(anonymous_7)
FN:19,(anonymous_8)
FN:19,(anonymous_9)
FNF:3
FNH:3
FNDA:7,(anonymous_7)
FNDA:3,(anonymous_8)
FNDA:3,(anonymous_9)
DA:1,1
DA:2,1
DA:3,1
DA:4,1
DA:5,1
DA:11,1
DA:12,7
DA:13,7
DA:19,7
DA:22,3
DA:23,3
DA:25,3
DA:28,3
DA:33,1
DA:39,1
DA:44,1
DA:45,1
DA:48,1
DA:54,1
DA:56,2
DA:60,7
LF:21
LH:21
BRDA:45,0,0,1
BRDA:45,0,1,0
BRDA:51,1,0,1
BRDA:51,1,1,0
BRF:4
BRH:2
end_of_record
TN:
SF:src/customHooks/components/inputSelectModal/customHook.ts
FN:17,(anonymous_0)
FN:31,(anonymous_1)
FN:35,(anonymous_2)
FN:36,(anonymous_3)
FN:38,(anonymous_4)
FN:42,(anonymous_5)
FN:46,(anonymous_6)
FN:59,(anonymous_7)
FN:64,(anonymous_8)
FN:66,(anonymous_9)
FN:66,(anonymous_10)
FN:69,(anonymous_11)
FNF:12
FNH:12
FNDA:15,(anonymous_0)
FNDA:10,(anonymous_1)
FNDA:1,(anonymous_2)
FNDA:2,(anonymous_3)
FNDA:1,(anonymous_4)
FNDA:2,(anonymous_5)
FNDA:2,(anonymous_6)
FNDA:1,(anonymous_7)
FNDA:1,(anonymous_8)
FNDA:1,(anonymous_9)
FNDA:3,(anonymous_10)
FNDA:42,(anonymous_11)
DA:1,1
DA:17,1
DA:25,15
DA:26,15
DA:27,15
DA:28,15
DA:31,15
DA:32,10
DA:35,15
DA:36,15
DA:38,15
DA:39,1
DA:42,15
DA:43,2
DA:46,15
DA:47,2
DA:48,2
DA:49,2
DA:50,1
DA:51,1
DA:52,1
DA:53,1
DA:54,1
DA:55,1
DA:56,1
DA:59,15
DA:60,1
DA:61,1
DA:64,15
DA:65,1
DA:66,3
DA:69,42
DA:71,15
LF:33
LH:33
BRDA:23,0,0,14
BRDA:49,1,0,1
BRDA:49,2,0,2
BRDA:49,2,1,1
BRDA:54,3,0,1
BRDA:54,3,1,1
BRDA:65,4,0,1
BRDA:65,4,1,1
BRDA:69,5,0,15
BRDA:69,5,1,14
BRDA:69,6,0,14
BRDA:69,6,1,1
BRDA:69,7,0,15
BRDA:69,7,1,15
BRF:14
BRH:14
end_of_record
TN:
SF:src/customHooks/components/mailValidation/customHook.ts
FN:3,(anonymous_0)
FN:6,(anonymous_1)
FN:11,(anonymous_2)
FN:21,(anonymous_3)
FNF:4
FNH:4
FNDA:25,(anonymous_0)
FNDA:16,(anonymous_1)
FNDA:22,(anonymous_2)
FNDA:16,(anonymous_3)
DA:1,1
DA:3,1
DA:4,25
DA:6,25
DA:7,16
DA:8,16
DA:11,25
DA:12,22
DA:13,7
DA:14,7
DA:16,15
DA:17,15
DA:21,25
DA:22,16
DA:25,25
LF:15
LH:15
BRDA:12,0,0,7
BRDA:12,0,1,15
BRDA:12,1,0,22
BRDA:12,1,1,16
BRF:4
BRH:4
end_of_record
TN:
SF:src/customHooks/components/newCategory/customHook.ts
FN:5,(anonymous_7)
FN:11,(anonymous_8)
FN:12,(anonymous_9)
FN:14,(anonymous_10)
FN:14,(anonymous_11)
FNF:5
FNH:5
FNDA:14,(anonymous_7)
FNDA:1,(anonymous_8)
FNDA:2,(anonymous_9)
FNDA:3,(anonymous_10)
FNDA:3,(anonymous_11)
DA:1,1
DA:2,1
DA:3,1
DA:5,1
DA:6,14
DA:7,14
DA:8,14
DA:9,14
DA:11,14
DA:12,14
DA:14,14
DA:15,3
DA:16,1
DA:17,1
DA:19,2
DA:20,2
DA:21,2
DA:22,2
DA:23,1
DA:24,1
DA:25,1
DA:27,1
DA:28,1
DA:30,2
DA:34,14
LF:25
LH:25
BRDA:15,0,0,1
BRF:1
BRH:1
end_of_record
TN:
SF:src/customHooks/components/passwordValidation/customHook.ts
FN:10,(anonymous_0)
FN:20,(anonymous_1)
FN:50,(anonymous_2)
FNF:3
FNH:3
FNDA:72,(anonymous_0)
FNDA:37,(anonymous_1)
FNDA:35,(anonymous_2)
DA:1,1
DA:10,1
DA:11,72
DA:18,72
DA:20,72
DA:21,37
DA:28,37
DA:33,37
DA:36,37
DA:37,12
DA:38,12
DA:39,12
DA:40,12
DA:42,12
DA:44,25
DA:47,37
DA:50,72
DA:51,35
DA:54,72
LF:19
LH:19
BRDA:29,0,0,37
BRDA:29,0,1,30
BRDA:29,0,2,25
BRDA:36,1,0,12
BRDA:36,1,1,25
BRDA:36,2,0,37
BRDA:36,2,1,35
BRDA:38,3,0,5
BRDA:39,4,0,9
BRDA:40,5,0,9
BRF:10
BRH:10
end_of_record
TN:
SF:src/customHooks/pages/guides/customHook.ts
FN:12,(anonymous_7)
FN:23,(anonymous_8)
FN:23,(anonymous_9)
FN:44,(anonymous_10)
FN:53,(anonymous_11)
FN:53,(anonymous_12)
FNF:6
FNH:4
FNDA:1,(anonymous_7)
FNDA:1,(anonymous_8)
FNDA:1,(anonymous_9)
FNDA:1,(anonymous_10)
FNDA:0,(anonymous_11)
FNDA:0,(anonymous_12)
DA:1,1
DA:2,1
DA:3,1
DA:4,1
DA:12,1
DA:13,1
DA:14,1
DA:15,1
DA:16,1
DA:17,1
DA:23,1
DA:24,1
DA:25,1
DA:26,1
DA:28,1
DA:31,1
DA:32,1
DA:34,1
DA:35,1
DA:37,0
DA:38,0
DA:40,1
DA:44,1
DA:45,1
DA:53,1
DA:54,0
DA:55,0
DA:56,0
DA:57,0
DA:58,0
DA:60,0
DA:61,0
DA:62,0
DA:64,0
DA:68,1
LF:35
LH:24
BRDA:31,0,0,1
BRDA:31,1,0,1
BRDA:31,1,1,1
BRDA:37,2,0,0
BRDA:37,2,1,0
BRF:5
BRH:3
end_of_record
TN:
SF:src/customHooks/pages/guidesEditor/customHook.ts
FN:26,(anonymous_7)
FN:49,(anonymous_8)
FN:49,(anonymous_9)
FN:52,(anonymous_10)
FN:59,(anonymous_11)
FN:61,(anonymous_12)
FN:66,(anonymous_13)
FN:88,(anonymous_14)
FN:91,(anonymous_15)
FN:94,(anonymous_16)
FN:94,(anonymous_17)
FN:107,(anonymous_18)
FN:189,(anonymous_19)
FN:196,(anonymous_20)
FN:210,(anonymous_21)
FN:211,(anonymous_22)
FN:215,(anonymous_23)
FN:220,(anonymous_24)
FN:237,(anonymous_25)
FNF:19
FNH:16
FNDA:41,(anonymous_7)
FNDA:13,(anonymous_8)
FNDA:13,(anonymous_9)
FNDA:24,(anonymous_10)
FNDA:13,(anonymous_11)
FNDA:13,(anonymous_12)
FNDA:2,(anonymous_13)
FNDA:1,(anonymous_14)
FNDA:3,(anonymous_15)
FNDA:3,(anonymous_16)
FNDA:3,(anonymous_17)
FNDA:0,(anonymous_18)
FNDA:0,(anonymous_19)
FNDA:0,(anonymous_20)
FNDA:11,(anonymous_21)
FNDA:11,(anonymous_22)
FNDA:6,(anonymous_23)
FNDA:6,(anonymous_24)
FNDA:1,(anonymous_25)
DA:1,1
DA:2,1
DA:3,1
DA:4,1
DA:26,1
DA:27,41
DA:28,41
DA:29,41
DA:30,41
DA:32,41
DA:33,41
DA:45,41
DA:46,41
DA:49,41
DA:50,13
DA:51,13
DA:52,24
DA:53,12
DA:55,1
DA:59,41
DA:61,41
DA:62,13
DA:63,3
DA:64,3
DA:65,3
DA:69,2
DA:89,1
DA:91,3
DA:94,41
DA:95,3
DA:96,3
DA:97,3
DA:99,3
DA:100,3
DA:101,3
DA:102,3
DA:105,3
DA:107,0
DA:109,0
DA:110,0
DA:112,0
DA:113,0
DA:115,0
DA:116,0
DA:118,0
DA:122,0
DA:124,0
DA:129,3
DA:131,0
DA:133,0
DA:135,0
DA:136,0
DA:140,0
DA:143,3
DA:147,3
DA:149,0
DA:151,0
DA:153,0
DA:154,0
DA:158,0
DA:164,3
DA:166,0
DA:168,0
DA:170,0
DA:171,0
DA:175,0
DA:179,3
DA:180,9
DA:185,3
DA:187,1
DA:190,0
DA:194,2
DA:198,0
DA:202,2
DA:204,1
DA:206,3
DA:210,41
DA:211,11
DA:215,41
DA:217,6
DA:220,6
DA:222,6
DA:225,6
DA:226,4
DA:229,6
DA:237,41
DA:239,41
LF:87
LH:60
BRDA:28,0,0,11
BRDA:28,0,1,30
BRDA:62,1,0,10
BRDA:62,2,0,13
BRDA:62,2,1,3
BRDA:70,3,0,2
BRDA:70,3,1,0
BRDA:71,4,0,2
BRDA:71,4,1,0
BRDA:75,5,0,2
BRDA:75,5,1,0
BRDA:76,6,0,2
BRDA:76,6,1,0
BRDA:77,7,0,2
BRDA:77,7,1,0
BRDA:78,8,0,2
BRDA:78,8,1,0
BRDA:80,9,0,2
BRDA:80,9,1,0
BRDA:105,10,0,0
BRDA:105,11,0,3
BRDA:105,11,1,1
BRDA:105,11,2,1
BRDA:109,12,0,0
BRDA:109,13,0,0
BRDA:109,13,1,0
BRDA:109,13,2,0
BRDA:109,14,0,0
BRDA:109,14,1,0
BRDA:112,15,0,0
BRDA:112,16,0,0
BRDA:112,16,1,0
BRDA:112,16,2,0
BRDA:112,17,0,0
BRDA:112,17,1,0
BRDA:115,18,0,0
BRDA:115,19,0,0
BRDA:115,19,1,0
BRDA:115,19,2,0
BRDA:115,20,0,0
BRDA:115,20,1,0
BRDA:122,21,0,0
BRDA:129,22,0,0
BRDA:129,22,1,3
BRDA:131,23,0,0
BRDA:131,23,1,0
BRDA:131,24,0,0
BRDA:131,24,1,0
BRDA:135,25,0,0
BRDA:135,26,0,0
BRDA:135,26,1,0
BRDA:143,27,0,3
BRDA:147,28,0,0
BRDA:149,29,0,0
BRDA:149,29,1,0
BRDA:149,30,0,0
BRDA:149,30,1,0
BRDA:153,31,0,0
BRDA:153,32,0,0
BRDA:153,32,1,0
BRDA:164,33,0,0
BRDA:166,34,0,0
BRDA:166,34,1,0
BRDA:166,35,0,0
BRDA:166,35,1,0
BRDA:170,36,0,0
BRDA:170,37,0,0
BRDA:170,37,1,0
BRDA:180,38,0,0
BRDA:185,39,0,1
BRDA:185,39,1,2
BRDA:185,40,0,3
BRDA:185,40,1,1
BRDA:204,41,0,0
BRDA:204,41,1,1
BRDA:222,42,0,6
BRDA:222,42,1,0
BRDA:225,43,0,4
BRF:78
BRH:24
end_of_record
TN:
SF:src/customHooks/pages/login/customHook.ts
FN:27,(anonymous_7)
FN:44,(anonymous_8)
FN:44,(anonymous_9)
FN:74,(anonymous_10)
FN:74,(anonymous_11)
FNF:5
FNH:5
FNDA:21,(anonymous_7)
FNDA:2,(anonymous_8)
FNDA:2,(anonymous_9)
FNDA:5,(anonymous_10)
FNDA:5,(anonymous_11)
DA:1,1
DA:2,1
DA:3,1
DA:4,1
DA:5,1
DA:27,1
DA:28,21
DA:29,21
DA:30,21
DA:31,21
DA:34,21
DA:35,21
DA:36,21
DA:39,21
DA:44,21
DA:45,2
DA:46,2
DA:48,2
DA:49,2
DA:52,1
DA:53,1
DA:54,1
DA:55,1
DA:58,1
DA:60,1
DA:65,1
DA:66,1
DA:67,1
DA:69,2
DA:74,21
DA:75,5
DA:76,5
DA:77,5
DA:79,5
DA:81,5
DA:82,1
DA:83,1
DA:87,4
DA:88,1
DA:89,1
DA:93,3
DA:94,3
DA:96,3
DA:97,1
DA:98,1
DA:102,2
DA:105,2
DA:110,1
DA:112,1
DA:113,1
DA:115,1
DA:116,1
DA:117,1
DA:119,5
DA:123,21
LF:55
LH:55
BRDA:66,0,0,1
BRDA:66,0,1,0
BRDA:81,1,0,1
BRDA:81,2,0,5
BRDA:81,2,1,4
BRDA:87,3,0,1
BRDA:96,4,0,1
BRF:7
BRH:6
end_of_record
TN:
SF:src/customHooks/pages/payments/customHook.ts
FN:24,(anonymous_7)
FN:32,(anonymous_8)
FN:39,(anonymous_9)
FN:68,(anonymous_10)
FN:73,(anonymous_11)
FNF:5
FNH:0
FNDA:0,(anonymous_7)
FNDA:0,(anonymous_8)
FNDA:0,(anonymous_9)
FNDA:0,(anonymous_10)
FNDA:0,(anonymous_11)
DA:1,0
DA:2,0
DA:3,0
DA:24,0
DA:25,0
DA:26,0
DA:27,0
DA:28,0
DA:29,0
DA:30,0
DA:32,0
DA:39,0
DA:40,0
DA:41,0
DA:42,0
DA:43,0
DA:51,0
DA:52,0
DA:53,0
DA:54,0
DA:57,0
DA:58,0
DA:60,0
DA:61,0
DA:62,0
DA:64,0
DA:68,0
DA:69,0
DA:73,0
DA:74,0
DA:75,0
DA:76,0
DA:79,0
DA:91,0
LF:34
LH:0
BRDA:33,0,0,0
BRDA:34,1,0,0
BRDA:35,2,0,0
BRDA:36,3,0,0
BRDA:51,4,0,0
BRDA:52,5,0,0
BRDA:53,6,0,0
BRF:7
BRH:0
end_of_record
TN:
SF:src/customHooks/pages/queries/customHook.ts
FN:7,(anonymous_7)
FN:21,(anonymous_8)
FN:26,(anonymous_9)
FN:28,(anonymous_10)
FN:30,(anonymous_11)
FN:32,(anonymous_12)
FN:35,(anonymous_13)
FN:35,(anonymous_14)
FN:66,(anonymous_15)
FN:66,(anonymous_16)
FN:96,(anonymous_17)
FN:101,(anonymous_18)
FN:105,(anonymous_19)
FN:110,(anonymous_20)
FN:114,(anonymous_21)
FN:153,(anonymous_22)
FN:154,(anonymous_23)
FNF:17
FNH:0
FNDA:0,(anonymous_7)
FNDA:0,(anonymous_8)
FNDA:0,(anonymous_9)
FNDA:0,(anonymous_10)
FNDA:0,(anonymous_11)
FNDA:0,(anonymous_12)
FNDA:0,(anonymous_13)
FNDA:0,(anonymous_14)
FNDA:0,(anonymous_15)
FNDA:0,(anonymous_16)
FNDA:0,(anonymous_17)
FNDA:0,(anonymous_18)
FNDA:0,(anonymous_19)
FNDA:0,(anonymous_20)
FNDA:0,(anonymous_21)
FNDA:0,(anonymous_22)
FNDA:0,(anonymous_23)
DA:1,0
DA:2,0
DA:3,0
DA:7,0
DA:8,0
DA:9,0
DA:10,0
DA:11,0
DA:12,0
DA:13,0
DA:14,0
DA:15,0
DA:16,0
DA:17,0
DA:18,0
DA:21,0
DA:22,0
DA:26,0
DA:27,0
DA:29,0
DA:30,0
DA:32,0
DA:35,0
DA:36,0
DA:37,0
DA:38,0
DA:40,0
DA:48,0
DA:51,0
DA:52,0
DA:53,0
DA:54,0
DA:55,0
DA:56,0
DA:57,0
DA:58,0
DA:60,0
DA:62,0
DA:66,0
DA:67,0
DA:68,0
DA:69,0
DA:71,0
DA:77,0
DA:78,0
DA:79,0
DA:80,0
DA:82,0
DA:86,0
DA:87,0
DA:89,0
DA:90,0
DA:92,0
DA:96,0
DA:97,0
DA:98,0
DA:101,0
DA:102,0
DA:105,0
DA:106,0
DA:107,0
DA:110,0
DA:111,0
DA:114,0
DA:115,0
DA:116,0
DA:117,0
DA:120,0
DA:145,0
DA:152,0
DA:153,0
DA:155,0
DA:156,0
LF:73
LH:0
BRDA:29,0,0,0
BRDA:29,0,1,0
BRDA:77,1,0,0
BRDA:78,2,0,0
BRDA:79,3,0,0
BRDA:80,4,0,0
BRDA:153,5,0,0
BRDA:153,5,1,0
BRDA:153,6,0,0
BRDA:153,6,1,0
BRDA:153,7,0,0
BRDA:153,7,1,0
BRF:12
BRH:0
end_of_record
TN:
SF:src/customHooks/pages/services/customHook.ts
FN:49,(anonymous_7)
FN:64,(anonymous_8)
FN:69,(anonymous_9)
FN:97,(anonymous_10)
FN:105,(anonymous_11)
FN:105,(anonymous_12)
FN:110,(anonymous_13)
FN:112,(anonymous_14)
FN:113,(anonymous_15)
FN:121,(anonymous_16)
FN:121,(anonymous_17)
FN:122,(anonymous_18)
FN:146,(anonymous_19)
FN:146,(anonymous_20)
FN:177,(anonymous_21)
FN:197,(anonymous_22)
FN:197,(anonymous_23)
FN:226,(anonymous_24)
FN:250,(anonymous_25)
FN:250,(anonymous_26)
FN:252,(anonymous_27)
FN:270,(anonymous_28)
FN:270,(anonymous_29)
FN:275,(anonymous_30)
FN:277,(anonymous_31)
FN:293,(anonymous_32)
FN:308,(anonymous_33)
FN:308,(anonymous_34)
FN:322,(anonymous_35)
FN:323,(anonymous_36)
FNF:30
FNH:24
FNDA:62,(anonymous_7)
FNDA:33,(anonymous_8)
FNDA:33,(anonymous_9)
FNDA:28,(anonymous_10)
FNDA:2,(anonymous_11)
FNDA:2,(anonymous_12)
FNDA:2,(anonymous_13)
FNDA:1,(anonymous_14)
FNDA:2,(anonymous_15)
FNDA:0,(anonymous_16)
FNDA:0,(anonymous_17)
FNDA:0,(anonymous_18)
FNDA:3,(anonymous_19)
FNDA:3,(anonymous_20)
FNDA:0,(anonymous_21)
FNDA:3,(anonymous_22)
FNDA:3,(anonymous_23)
FNDA:0,(anonymous_24)
FNDA:8,(anonymous_25)
FNDA:8,(anonymous_26)
FNDA:4,(anonymous_27)
FNDA:4,(anonymous_28)
FNDA:4,(anonymous_29)
FNDA:3,(anonymous_30)
FNDA:3,(anonymous_31)
FNDA:0,(anonymous_32)
FNDA:2,(anonymous_33)
FNDA:2,(anonymous_34)
FNDA:1,(anonymous_35)
FNDA:1,(anonymous_36)
DA:2,2
DA:3,2
DA:4,2
DA:49,2
DA:51,62
DA:52,62
DA:53,62
DA:54,62
DA:57,62
DA:64,62
DA:69,33
DA:70,33
DA:71,33
DA:73,33
DA:79,33
DA:80,2
DA:82,33
DA:86,31
DA:87,31
DA:88,31
DA:90,2
DA:91,2
DA:93,33
DA:97,62
DA:102,28
DA:105,62
DA:106,2
DA:107,2
DA:109,2
DA:110,2
DA:111,2
DA:112,2
DA:113,2
DA:114,2
DA:115,2
DA:116,2
DA:117,2
DA:121,2
DA:122,0
DA:124,0
DA:126,0
DA:127,0
DA:129,2
DA:131,0
DA:132,0
DA:133,0
DA:135,2
DA:146,62
DA:147,3
DA:149,3
DA:152,3
DA:155,3
DA:156,0
DA:160,3
DA:161,3
DA:162,3
DA:163,3
DA:166,3
DA:169,0
DA:177,0
DA:181,0
DA:182,0
DA:187,3
DA:188,3
DA:189,3
DA:193,3
DA:197,62
DA:198,3
DA:199,3
DA:200,3
DA:201,3
DA:202,3
DA:205,3
DA:206,0
DA:207,0
DA:208,0
DA:209,0
DA:210,0
DA:211,0
DA:212,0
DA:213,0
DA:214,0
DA:218,3
DA:219,3
DA:223,0
DA:226,0
DA:229,0
DA:230,0
DA:232,3
DA:233,3
DA:234,3
DA:236,3
DA:244,62
DA:247,62
DA:250,62
DA:252,8
DA:255,8
DA:257,3
DA:261,5
DA:262,5
DA:264,5
DA:266,1
DA:270,4
DA:271,4
DA:272,4
DA:275,3
DA:277,3
DA:278,3
DA:279,3
DA:280,3
DA:281,3
DA:284,0
DA:287,3
DA:289,1
DA:290,1
DA:293,4
DA:294,0
DA:300,4
DA:305,4
DA:308,62
DA:309,2
DA:311,2
DA:313,1
DA:314,1
DA:317,1
DA:318,1
DA:322,62
DA:323,1
DA:329,62
LF:129
LH:102
BRDA:65,0,0,4
BRDA:66,1,0,4
BRDA:67,2,0,4
BRDA:79,3,0,2
BRDA:155,4,0,0
BRDA:205,5,0,0
BRDA:205,5,1,3
BRDA:205,6,0,3
BRDA:205,6,1,0
BRDA:209,7,0,0
BRDA:210,8,0,0
BRDA:211,9,0,0
BRDA:226,10,0,0
BRDA:226,10,1,0
BRDA:250,11,0,7
BRDA:255,12,0,3
BRDA:255,13,0,8
BRDA:255,13,1,4
BRDA:264,14,0,1
BRDA:264,15,0,5
BRDA:264,15,1,1
BRDA:264,15,2,1
BRDA:278,16,0,3
BRF:23
BRH:15
end_of_record
TN:
SF:src/customHooks/pages/user/customHook.ts
FN:7,(anonymous_7)
FN:20,(anonymous_8)
FN:29,(anonymous_9)
FN:63,(anonymous_10)
FN:75,(anonymous_11)
FN:75,(anonymous_12)
FN:81,(anonymous_13)
FN:96,(anonymous_14)
FNF:8
FNH:7
FNDA:18,(anonymous_7)
FNDA:8,(anonymous_8)
FNDA:8,(anonymous_9)
FNDA:7,(anonymous_10)
FNDA:2,(anonymous_11)
FNDA:2,(anonymous_12)
FNDA:2,(anonymous_13)
FNDA:0,(anonymous_14)
DA:1,1
DA:2,1
DA:3,1
DA:7,1
DA:8,18
DA:9,18
DA:10,18
DA:11,18
DA:12,18
DA:13,18
DA:14,18
DA:20,18
DA:29,8
DA:30,8
DA:31,8
DA:32,8
DA:34,8
DA:41,8
DA:42,8
DA:43,8
DA:44,8
DA:45,8
DA:47,8
DA:51,7
DA:52,7
DA:53,7
DA:55,1
DA:56,1
DA:57,1
DA:59,8
DA:63,18
DA:64,7
DA:75,18
DA:76,2
DA:77,2
DA:78,2
DA:81,1
DA:82,2
DA:84,1
DA:86,1
DA:88,1
DA:89,1
DA:90,1
DA:92,2
DA:96,18
DA:97,0
DA:98,0
DA:99,0
DA:111,18
DA:125,1
LF:50
LH:47
BRDA:21,0,0,0
BRDA:22,1,0,0
BRDA:23,2,0,0
BRDA:41,3,0,2
BRDA:42,4,0,1
BRDA:43,5,0,1
BRDA:44,6,0,1
BRDA:45,7,0,1
BRDA:82,8,0,1
BRDA:82,8,1,1
BRF:10
BRH:7
end_of_record
TN:
SF:src/layouts/ProtectedLayout.tsx
FN:8,(anonymous_0)
FN:13,(anonymous_1)
FNF:2
FNH:2
FNDA:8,(anonymous_0)
FNDA:5,(anonymous_1)
DA:1,1
DA:2,1
DA:3,1
DA:4,1
DA:5,1
DA:6,1
DA:8,1
DA:9,8
DA:10,8
DA:11,8
DA:13,8
DA:15,5
DA:16,5
DA:17,1
DA:19,4
DA:23,8
DA:25,5
DA:32,3
DA:46,1
LF:19
LH:19
BRDA:16,0,0,1
BRDA:16,0,1,4
BRDA:23,1,0,5
BRF:3
BRH:3
end_of_record
TN:
SF:src/pages/Guides/index.tsx
FN:19,(anonymous_8)
FN:24,(anonymous_9)
FN:25,(anonymous_10)
FN:34,(anonymous_11)
FN:41,(anonymous_12)
FN:49,(anonymous_13)
FN:54,(anonymous_14)
FN:54,(anonymous_15)
FN:61,(anonymous_16)
FN:63,(anonymous_17)
FN:64,(anonymous_18)
FN:67,(anonymous_19)
FN:94,(anonymous_20)
FN:100,(anonymous_21)
FN:102,(anonymous_22)
FN:103,(anonymous_23)
FNF:16
FNH:12
FNDA:10,(anonymous_8)
FNDA:1,(anonymous_9)
FNDA:0,(anonymous_10)
FNDA:2,(anonymous_11)
FNDA:0,(anonymous_12)
FNDA:2,(anonymous_13)
FNDA:1,(anonymous_14)
FNDA:1,(anonymous_15)
FNDA:10,(anonymous_16)
FNDA:10,(anonymous_17)
FNDA:20,(anonymous_18)
FNDA:0,(anonymous_19)
FNDA:24,(anonymous_20)
FNDA:0,(anonymous_21)
FNDA:1,(anonymous_22)
FNDA:2,(anonymous_23)
DA:1,1
DA:2,1
DA:3,1
DA:4,1
DA:6,1
DA:8,1
DA:10,1
DA:11,1
DA:12,1
DA:14,1
DA:17,1
DA:19,1
DA:21,10
DA:22,10
DA:24,10
DA:25,1
DA:32,10
DA:34,10
DA:36,2
DA:37,1
DA:45,1
DA:49,10
DA:50,2
DA:54,1
DA:56,1
DA:61,10
DA:62,10
DA:64,20
DA:65,10
DA:67,0
DA:72,10
DA:73,1
DA:76,9
DA:94,24
DA:100,0
DA:102,1
DA:103,2
DA:114,1
LF:38
LH:36
BRDA:21,0,0,0
BRDA:36,1,0,1
BRDA:36,1,1,1
BRDA:53,2,0,1
BRDA:53,2,1,1
BRDA:72,3,0,1
BRDA:89,4,0,1
BRDA:89,4,1,8
BRDA:91,5,0,0
BRDA:91,5,1,8
BRDA:93,6,0,7
BRDA:93,6,1,1
BRDA:93,7,0,8
BRDA:93,7,1,8
BRDA:97,8,0,24
BRDA:97,8,1,0
BRDA:97,9,0,0
BRDA:97,9,1,24
BRDA:97,10,0,24
BRDA:97,10,1,24
BRDA:100,11,0,0
BRDA:100,11,1,24
BRDA:100,12,0,24
BRDA:100,12,1,24
BRDA:100,13,0,24
BRDA:100,13,1,0
BRDA:100,14,0,24
BRDA:100,14,1,24
BRDA:101,15,0,0
BRDA:101,15,1,24
BRF:30
BRH:23
end_of_record
TN:
SF:src/pages/Guides/guidesEditor/index.tsx
FN:12,(anonymous_0)
FN:44,(anonymous_1)
FN:45,(anonymous_2)
FN:76,(anonymous_3)
FN:85,(anonymous_4)
FN:95,(anonymous_5)
FN:132,(anonymous_6)
FN:144,(anonymous_7)
FN:155,(anonymous_8)
FN:176,(anonymous_9)
FN:185,(anonymous_10)
FN:191,(anonymous_11)
FN:200,(anonymous_12)
FN:206,(anonymous_13)
FN:220,(anonymous_14)
FN:228,(anonymous_15)
FNF:16
FNH:16
FNDA:53,(anonymous_0)
FNDA:10,(anonymous_1)
FNDA:10,(anonymous_2)
FNDA:2,(anonymous_3)
FNDA:22,(anonymous_4)
FNDA:6,(anonymous_5)
FNDA:3,(anonymous_6)
FNDA:3,(anonymous_7)
FNDA:1,(anonymous_8)
FNDA:1,(anonymous_9)
FNDA:1,(anonymous_10)
FNDA:1,(anonymous_11)
FNDA:1,(anonymous_12)
FNDA:1,(anonymous_13)
FNDA:3,(anonymous_14)
FNDA:3,(anonymous_15)
DA:1,1
DA:2,1
DA:3,1
DA:4,1
DA:5,1
DA:6,1
DA:7,1
DA:8,1
DA:9,1
DA:10,1
DA:12,1
DA:24,53
DA:26,53
DA:27,53
DA:29,53
DA:30,53
DA:33,53
DA:41,53
DA:44,53
DA:45,10
DA:52,53
DA:60,53
DA:70,53
DA:76,53
DA:78,2
DA:79,2
DA:81,2
DA:85,53
DA:87,22
DA:88,22
DA:91,22
DA:92,22
DA:95,53
DA:97,6
DA:98,3
DA:99,3
DA:100,3
DA:104,3
DA:105,3
DA:106,3
DA:107,3
DA:112,53
DA:133,3
DA:134,3
DA:145,3
DA:146,3
DA:156,1
DA:157,1
DA:159,1
DA:176,1
DA:185,1
DA:191,1
DA:200,1
DA:207,1
DA:208,1
DA:220,3
DA:228,3
LF:57
LH:57
BRDA:53,0,0,53
BRDA:53,0,1,52
BRDA:54,1,0,53
BRDA:54,1,1,52
BRDA:55,2,0,53
BRDA:55,2,1,51
BRDA:55,2,2,51
BRDA:55,2,3,51
BRDA:55,2,4,47
BRDA:55,3,0,51
BRDA:55,3,1,0
BRDA:55,4,0,51
BRDA:55,4,1,0
BRDA:56,5,0,53
BRDA:56,5,1,52
BRDA:60,6,0,53
BRDA:60,6,1,51
BRDA:60,6,2,51
BRDA:60,6,3,2
BRDA:62,7,0,53
BRDA:62,7,1,2
BRDA:64,8,0,51
BRDA:64,8,1,0
BRDA:64,9,0,0
BRDA:64,9,1,0
BRDA:64,10,0,0
BRDA:64,10,1,0
BRDA:66,11,0,51
BRDA:66,11,1,0
BRDA:66,12,0,51
BRDA:66,12,1,0
BRDA:70,13,0,53
BRDA:70,13,1,1
BRDA:70,13,2,1
BRDA:70,13,3,1
BRDA:87,14,0,22
BRDA:87,14,1,22
BRDA:87,15,0,22
BRDA:87,15,1,0
BRDA:87,16,0,22
BRDA:87,16,1,0
BRDA:91,17,0,22
BRDA:91,17,1,22
BRDA:91,18,0,22
BRDA:91,18,1,0
BRDA:91,19,0,22
BRDA:91,19,1,0
BRDA:97,20,0,3
BRDA:97,20,1,3
BRDA:98,21,0,3
BRDA:104,22,0,3
BRDA:105,23,0,3
BRDA:116,24,0,1
BRDA:116,24,1,52
BRDA:125,25,0,53
BRDA:125,25,1,1
BRDA:126,26,0,53
BRDA:126,26,1,1
BRDA:137,27,0,6
BRDA:137,27,1,47
BRDA:150,28,0,5
BRDA:150,28,1,48
BRDA:159,29,0,1
BRDA:163,30,0,53
BRDA:163,30,1,53
BRDA:163,31,0,53
BRDA:163,31,1,0
BRDA:163,32,0,53
BRDA:163,32,1,0
BRDA:164,33,0,0
BRDA:164,33,1,53
BRDA:164,34,0,53
BRDA:164,34,1,1
BRDA:164,34,2,0
BRDA:170,35,0,6
BRDA:170,35,1,47
BRDA:173,36,0,53
BRDA:173,36,1,6
BRDA:180,37,0,6
BRDA:180,37,1,6
BRDA:180,38,0,6
BRDA:180,38,1,0
BRDA:180,39,0,6
BRDA:180,39,1,0
BRDA:181,40,0,0
BRDA:181,40,1,6
BRDA:181,41,0,6
BRDA:181,41,1,0
BRDA:181,41,2,0
BRDA:188,42,0,53
BRDA:188,42,1,6
BRDA:195,43,0,6
BRDA:195,43,1,6
BRDA:195,44,0,6
BRDA:195,44,1,0
BRDA:195,45,0,6
BRDA:195,45,1,0
BRDA:196,46,0,0
BRDA:196,46,1,6
BRDA:196,47,0,6
BRDA:196,47,1,0
BRDA:196,47,2,0
BRDA:212,48,0,2
BRDA:212,48,1,51
BRF:104
BRH:77
end_of_record
TN:
SF:src/pages/Login/index.tsx
FN:14,Login
FN:45,(anonymous_9)
FN:45,(anonymous_10)
FN:53,(anonymous_11)
FN:93,(anonymous_12)
FN:94,(anonymous_13)
FN:95,(anonymous_14)
FN:106,(anonymous_15)
FN:107,(anonymous_16)
FN:108,(anonymous_17)
FN:161,(anonymous_18)
FN:162,(anonymous_19)
FN:163,(anonymous_20)
FN:174,(anonymous_21)
FN:175,(anonymous_22)
FN:176,(anonymous_23)
FN:180,(anonymous_24)
FN:195,(anonymous_25)
FN:197,(anonymous_26)
FNF:19
FNH:13
FNDA:10,Login
FNDA:2,(anonymous_9)
FNDA:2,(anonymous_10)
FNDA:1,(anonymous_11)
FNDA:0,(anonymous_12)
FNDA:0,(anonymous_13)
FNDA:0,(anonymous_14)
FNDA:0,(anonymous_15)
FNDA:0,(anonymous_16)
FNDA:0,(anonymous_17)
FNDA:1,(anonymous_18)
FNDA:1,(anonymous_19)
FNDA:1,(anonymous_20)
FNDA:1,(anonymous_21)
FNDA:1,(anonymous_22)
FNDA:1,(anonymous_23)
FNDA:1,(anonymous_24)
FNDA:1,(anonymous_25)
FNDA:1,(anonymous_26)
DA:1,1
DA:2,1
DA:3,1
DA:4,1
DA:5,1
DA:6,1
DA:7,1
DA:8,1
DA:9,1
DA:12,1
DA:14,1
DA:22,10
DA:25,10
DA:27,10
DA:31,10
DA:32,10
DA:35,10
DA:38,10
DA:41,10
DA:45,10
DA:46,2
DA:47,2
DA:48,1
DA:50,1
DA:53,10
DA:55,1
DA:59,10
DA:60,10
DA:61,10
DA:65,10
DA:94,0
DA:95,0
DA:107,0
DA:108,0
DA:162,1
DA:163,1
DA:175,1
DA:176,1
DA:180,1
DA:196,1
DA:197,1
LF:41
LH:37
BRDA:35,0,0,0
BRDA:35,0,1,10
BRDA:35,1,0,10
BRDA:35,1,1,3
BRDA:38,2,0,0
BRDA:38,2,1,10
BRDA:38,3,0,10
BRDA:38,3,1,2
BRDA:41,4,0,0
BRDA:41,4,1,10
BRDA:41,5,0,10
BRDA:41,5,1,1
BRDA:47,6,0,1
BRDA:65,7,0,2
BRDA:65,7,1,8
BRDA:65,8,0,10
BRDA:65,8,1,2
BRDA:99,9,0,2
BRDA:99,9,1,0
BRDA:100,10,0,0
BRDA:100,10,1,2
BRDA:100,11,0,2
BRDA:100,11,1,0
BRDA:112,12,0,2
BRDA:112,12,1,0
BRDA:112,12,2,2
BRDA:112,12,3,0
BRDA:113,13,0,0
BRDA:113,13,1,2
BRDA:113,14,0,2
BRDA:113,14,1,0
BRDA:115,15,0,0
BRDA:115,15,1,2
BRDA:115,16,0,2
BRDA:115,16,1,0
BRDA:120,17,0,2
BRDA:120,17,1,0
BRDA:127,18,0,0
BRDA:127,18,1,2
BRDA:128,19,0,2
BRDA:128,19,1,2
BRDA:128,19,2,1
BRDA:128,19,3,1
BRDA:185,20,0,8
BRDA:185,20,1,1
BRDA:205,21,0,8
BRDA:205,21,1,0
BRDA:214,22,0,1
BRDA:214,22,1,7
BRDA:215,23,0,8
BRDA:215,23,1,7
BRDA:215,23,2,7
BRDA:215,23,3,3
BRDA:215,23,4,2
BRF:54
BRH:39
end_of_record
TN:
SF:src/pages/Payments/index.tsx
FN:23,(anonymous_0)
FN:30,(anonymous_1)
FN:42,(anonymous_2)
FN:55,(anonymous_3)
FN:60,(anonymous_4)
FN:92,(anonymous_5)
FN:93,(anonymous_6)
FNF:7
FNH:6
FNDA:8,(anonymous_0)
FNDA:1,(anonymous_1)
FNDA:1,(anonymous_2)
FNDA:0,(anonymous_3)
FNDA:1,(anonymous_4)
FNDA:16,(anonymous_5)
FNDA:16,(anonymous_6)
DA:1,1
DA:2,1
DA:3,1
DA:4,1
DA:5,1
DA:6,1
DA:8,1
DA:10,1
DA:23,1
DA:24,8
DA:25,8
DA:26,8
DA:27,8
DA:30,8
DA:31,1
DA:32,1
DA:42,8
DA:43,1
DA:45,1
DA:55,8
DA:56,0
DA:60,8
DA:61,1
DA:71,8
DA:92,16
DA:94,16
DA:95,16
DA:112,1
LF:28
LH:27
BRDA:92,0,0,16
BRDA:92,0,1,0
BRDA:92,1,0,0
BRDA:92,1,1,16
BRDA:92,2,0,16
BRDA:92,2,1,16
BRDA:99,3,0,8
BRDA:99,3,1,0
BRDA:99,4,0,0
BRDA:99,4,1,8
BRDA:99,5,0,8
BRDA:99,5,1,8
BRDA:100,6,0,8
BRDA:100,6,1,0
BRDA:100,7,0,0
BRDA:100,7,1,8
BRDA:100,8,0,8
BRDA:100,8,1,8
BRDA:101,9,0,8
BRDA:101,9,1,0
BRDA:101,10,0,0
BRDA:101,10,1,8
BRDA:101,11,0,8
BRDA:101,11,1,8
BRF:24
BRH:16
end_of_record
TN:
SF:src/pages/Queries/index.tsx
FN:9,(anonymous_0)
FN:22,(anonymous_1)
FNF:2
FNH:2
FNDA:3,(anonymous_0)
FNDA:3,(anonymous_1)
DA:1,1
DA:2,1
DA:3,1
DA:4,1
DA:6,1
DA:7,1
DA:9,3
DA:22,1
DA:40,3
DA:43,3
DA:44,0
DA:47,3
DA:95,1
LF:13
LH:12
BRDA:43,0,0,0
BRDA:81,1,0,3
BRDA:81,1,1,0
BRDA:81,2,0,0
BRDA:81,2,1,3
BRDA:81,3,0,3
BRDA:81,3,1,3
BRDA:82,4,0,3
BRDA:82,4,1,0
BRDA:82,5,0,0
BRDA:82,5,1,3
BRDA:82,6,0,3
BRDA:82,6,1,3
BRDA:83,7,0,3
BRDA:83,7,1,2
BRDA:83,8,0,0
BRDA:83,8,1,3
BRDA:83,9,0,3
BRDA:83,9,1,3
BRF:19
BRH:13
end_of_record
TN:
SF:src/pages/Services/index.tsx
FN:15,(anonymous_1)
FN:20,(anonymous_2)
FN:27,(anonymous_3)
FN:35,(anonymous_4)
FN:39,(anonymous_5)
FN:39,(anonymous_6)
FN:43,(anonymous_7)
FN:43,(anonymous_8)
FN:49,(anonymous_9)
FN:53,(anonymous_10)
FN:73,(anonymous_11)
FN:80,(anonymous_12)
FN:81,(anonymous_13)
FN:86,(anonymous_14)
FNF:14
FNH:9
FNDA:8,(anonymous_1)
FNDA:1,(anonymous_2)
FNDA:0,(anonymous_3)
FNDA:1,(anonymous_4)
FNDA:21,(anonymous_5)
FNDA:0,(anonymous_6)
FNDA:21,(anonymous_7)
FNDA:0,(anonymous_8)
FNDA:0,(anonymous_9)
FNDA:0,(anonymous_10)
FNDA:21,(anonymous_11)
FNDA:1,(anonymous_12)
FNDA:1,(anonymous_13)
FNDA:1,(anonymous_14)
DA:1,1
DA:2,1
DA:3,1
DA:4,1
DA:5,1
DA:6,1
DA:7,1
DA:8,1
DA:9,1
DA:13,1
DA:15,1
DA:16,8
DA:17,8
DA:18,8
DA:20,8
DA:22,1
DA:23,0
DA:31,1
DA:35,8
DA:36,1
DA:39,21
DA:40,0
DA:43,21
DA:44,0
DA:45,0
DA:46,0
DA:47,0
DA:48,0
DA:49,0
DA:53,8
DA:54,0
DA:57,8
DA:74,21
DA:80,1
DA:82,1
DA:86,1
DA:99,1
LF:37
LH:28
BRDA:22,0,0,0
BRDA:22,0,1,1
BRDA:46,1,0,0
BRDA:69,2,0,1
BRDA:69,2,1,7
BRDA:77,3,0,21
BRDA:77,3,1,0
BRF:7
BRH:4
end_of_record
TN:
SF:src/pages/Services/serviceEditor/index.tsx
FN:11,(anonymous_7)
FN:39,(anonymous_8)
FN:40,(anonymous_9)
FN:46,(anonymous_10)
FN:46,(anonymous_11)
FN:47,(anonymous_12)
FN:53,(anonymous_13)
FN:54,(anonymous_14)
FN:68,(anonymous_15)
FN:78,(anonymous_16)
FN:80,(anonymous_17)
FN:80,(anonymous_18)
FN:132,(anonymous_19)
FN:132,(anonymous_20)
FN:188,(anonymous_21)
FN:214,(anonymous_22)
FN:225,(anonymous_23)
FN:236,(anonymous_24)
FN:247,(anonymous_25)
FNF:19
FNH:15
FNDA:27,(anonymous_7)
FNDA:12,(anonymous_8)
FNDA:12,(anonymous_9)
FNDA:12,(anonymous_10)
FNDA:12,(anonymous_11)
FNDA:12,(anonymous_12)
FNDA:0,(anonymous_13)
FNDA:0,(anonymous_14)
FNDA:0,(anonymous_15)
FNDA:9,(anonymous_16)
FNDA:9,(anonymous_17)
FNDA:9,(anonymous_18)
FNDA:1,(anonymous_19)
FNDA:1,(anonymous_20)
FNDA:2,(anonymous_21)
FNDA:4,(anonymous_22)
FNDA:4,(anonymous_23)
FNDA:4,(anonymous_24)
FNDA:0,(anonymous_25)
DA:1,1
DA:2,1
DA:3,1
DA:4,1
DA:5,1
DA:6,1
DA:7,1
DA:9,1
DA:11,1
DA:12,27
DA:13,27
DA:14,27
DA:15,27
DA:17,27
DA:19,27
DA:28,27
DA:36,27
DA:39,27
DA:40,12
DA:46,27
DA:47,12
DA:53,27
DA:54,0
DA:62,27
DA:65,27
DA:68,27
DA:70,0
DA:71,0
DA:73,0
DA:75,0
DA:78,27
DA:80,9
DA:81,9
DA:82,3
DA:83,3
DA:85,3
DA:87,3
DA:88,2
DA:89,2
DA:92,2
DA:105,3
DA:110,9
DA:115,27
DA:123,27
DA:126,27
DA:132,27
DA:134,1
DA:142,1
DA:143,0
DA:144,0
DA:148,1
DA:152,1
DA:153,1
DA:155,1
DA:157,1
DA:163,1
DA:164,0
DA:166,1
DA:167,1
DA:169,0
DA:175,0
DA:176,0
DA:178,1
DA:180,1
DA:181,1
DA:184,0
DA:188,27
DA:189,2
DA:192,27
DA:215,4
DA:216,4
DA:226,4
DA:227,4
DA:237,4
DA:238,4
DA:248,0
DA:249,0
DA:251,0
LF:78
LH:63
BRDA:13,0,0,12
BRDA:13,0,1,15
BRDA:56,1,0,0
BRDA:56,1,1,0
BRDA:81,2,0,3
BRDA:81,3,0,9
BRDA:81,3,1,3
BRDA:87,4,0,2
BRDA:88,5,0,2
BRDA:93,6,0,2
BRDA:93,6,1,0
BRDA:94,7,0,2
BRDA:94,7,1,0
BRDA:95,8,0,2
BRDA:95,8,1,0
BRDA:116,9,0,27
BRDA:116,9,1,12
BRDA:117,10,0,27
BRDA:117,10,1,15
BRDA:118,11,0,27
BRDA:118,11,1,18
BRDA:119,12,0,27
BRDA:119,12,1,27
BRDA:119,12,2,21
BRDA:119,12,3,27
BRDA:123,13,0,27
BRDA:123,13,1,6
BRDA:123,14,0,27
BRDA:123,14,1,27
BRDA:126,15,0,27
BRDA:126,15,1,15
BRDA:126,15,2,12
BRDA:126,15,3,9
BRDA:142,16,0,0
BRDA:148,17,0,0
BRDA:148,17,1,1
BRDA:155,18,0,1
BRDA:155,18,1,0
BRDA:155,19,0,1
BRDA:155,19,1,1
BRDA:163,20,0,0
BRDA:163,21,0,1
BRDA:163,21,1,0
BRDA:178,22,0,1
BRDA:195,23,0,12
BRDA:195,23,1,15
BRDA:205,24,0,3
BRDA:205,24,1,24
BRDA:219,25,0,0
BRDA:219,25,1,24
BRDA:230,26,0,0
BRDA:230,26,1,24
BRDA:242,27,0,0
BRDA:242,27,1,24
BRDA:251,28,0,0
BRDA:256,29,0,0
BRDA:256,29,1,24
BRF:57
BRH:42
end_of_record
TN:
SF:src/pages/Users/index.tsx
FN:47,(anonymous_7)
FN:58,(anonymous_8)
FN:64,(anonymous_9)
FN:66,(anonymous_10)
FN:86,(anonymous_11)
FN:93,(anonymous_12)
FN:101,(anonymous_13)
FN:107,(anonymous_14)
FN:123,(anonymous_15)
FN:127,(anonymous_16)
FN:127,(anonymous_17)
FN:134,(anonymous_18)
FN:143,(anonymous_19)
FN:159,(anonymous_20)
FN:200,(anonymous_21)
FNF:15
FNH:9
FNDA:12,(anonymous_7)
FNDA:1,(anonymous_8)
FNDA:0,(anonymous_9)
FNDA:3,(anonymous_10)
FNDA:1,(anonymous_11)
FNDA:20,(anonymous_12)
FNDA:0,(anonymous_13)
FNDA:0,(anonymous_14)
FNDA:20,(anonymous_15)
FNDA:0,(anonymous_16)
FNDA:0,(anonymous_17)
FNDA:20,(anonymous_18)
FNDA:20,(anonymous_19)
FNDA:1,(anonymous_20)
FNDA:0,(anonymous_21)
DA:1,1
DA:2,1
DA:3,1
DA:4,1
DA:5,1
DA:6,1
DA:7,1
DA:8,1
DA:9,1
DA:12,1
DA:14,1
DA:47,1
DA:48,12
DA:49,12
DA:50,12
DA:51,12
DA:53,12
DA:58,12
DA:59,1
DA:60,1
DA:61,1
DA:64,12
DA:66,12
DA:68,3
DA:71,3
DA:74,3
DA:86,12
DA:87,1
DA:88,1
DA:93,12
DA:94,20
DA:102,0
DA:103,0
DA:109,0
DA:110,0
DA:111,0
DA:112,0
DA:123,12
DA:124,20
DA:127,0
DA:128,0
DA:134,12
DA:135,20
DA:136,20
DA:143,12
DA:144,20
DA:152,12
DA:159,12
DA:160,1
DA:163,12
DA:164,1
DA:167,11
DA:201,0
DA:202,0
DA:211,1
LF:55
LH:45
BRDA:55,0,0,11
BRDA:55,0,1,1
BRDA:55,1,0,1
BRDA:55,1,1,11
BRDA:55,2,0,12
BRDA:55,2,1,11
BRDA:68,3,0,1
BRDA:68,3,1,2
BRDA:69,4,0,0
BRDA:69,4,1,2
BRDA:71,5,0,1
BRDA:71,5,1,2
BRDA:72,6,0,0
BRDA:72,6,1,2
BRDA:109,7,0,0
BRDA:109,8,0,0
BRDA:109,8,1,0
BRDA:163,9,0,1
BRDA:188,10,0,11
BRDA:188,10,1,0
BRDA:188,11,0,0
BRDA:188,11,1,11
BRDA:188,12,0,11
BRDA:188,12,1,11
BRDA:189,13,0,11
BRDA:189,13,1,0
BRDA:189,14,0,0
BRDA:189,14,1,11
BRDA:189,15,0,11
BRDA:189,15,1,11
BRDA:190,16,0,11
BRDA:190,16,1,1
BRDA:190,17,0,0
BRDA:190,17,1,11
BRDA:190,18,0,11
BRDA:190,18,1,11
BRDA:197,19,0,11
BRDA:197,19,1,0
BRF:38
BRH:27
end_of_record
TN:
SF:src/router/index.tsx
FNF:0
FNH:0
DA:1,1
DA:2,1
DA:3,1
DA:4,1
DA:5,1
DA:6,1
DA:7,1
DA:8,1
DA:9,1
DA:10,1
DA:12,1
LF:11
LH:11
BRF:0
BRH:0
end_of_record
TN:
SF:src/services/api.ts
FN:26,(anonymous_1)
FN:42,(anonymous_2)
FN:49,(anonymous_3)
FN:82,(anonymous_4)
FN:128,(anonymous_5)
FN:144,(anonymous_6)
FN:145,(anonymous_7)
FNF:7
FNH:1
FNDA:0,(anonymous_1)
FNDA:0,(anonymous_2)
FNDA:0,(anonymous_3)
FNDA:0,(anonymous_4)
FNDA:5,(anonymous_5)
FNDA:0,(anonymous_6)
FNDA:0,(anonymous_7)
DA:1,2
DA:2,2
DA:3,2
DA:4,2
DA:5,2
DA:6,2
DA:7,2
DA:15,2
DA:17,2
DA:25,2
DA:27,0
DA:29,0
DA:30,0
DA:31,0
DA:35,0
DA:36,0
DA:38,0
DA:40,0
DA:43,0
DA:44,0
DA:48,2
DA:50,0
DA:51,0
DA:53,0
DA:54,0
DA:55,0
DA:56,0
DA:57,0
DA:58,0
DA:61,0
DA:62,0
DA:63,0
DA:67,0
DA:69,0
DA:71,0
DA:74,0
DA:80,0
DA:83,0
DA:84,0
DA:85,0
DA:87,0
DA:88,0
DA:89,0
DA:90,0
DA:91,0
DA:92,0
DA:95,0
DA:96,0
DA:97,0
DA:101,0
DA:103,0
DA:104,0
DA:105,0
DA:106,0
DA:107,0
DA:108,0
DA:112,0
DA:118,0
DA:119,0
DA:120,0
DA:121,0
DA:123,0
DA:128,2
DA:129,5
DA:130,4
DA:135,1
DA:143,2
DA:144,0
DA:146,0
DA:148,0
DA:149,0
DA:151,0
LF:72
LH:16
BRDA:29,0,0,0
BRDA:29,1,0,0
BRDA:29,1,1,0
BRDA:29,1,2,0
BRDA:30,2,0,0
BRDA:35,3,0,0
BRDA:35,3,1,0
BRDA:50,4,0,0
BRDA:50,4,1,0
BRDA:54,5,0,0
BRDA:54,5,1,0
BRDA:56,6,0,0
BRDA:56,7,0,0
BRDA:56,7,1,0
BRDA:61,8,0,0
BRDA:61,9,0,0
BRDA:61,9,1,0
BRDA:67,10,0,0
BRDA:67,10,1,0
BRDA:71,11,0,0
BRDA:71,11,1,0
BRDA:77,12,0,0
BRDA:77,12,1,0
BRDA:77,12,2,0
BRDA:77,13,0,0
BRDA:77,13,1,0
BRDA:77,14,0,0
BRDA:77,14,1,0
BRDA:77,15,0,0
BRDA:77,15,1,0
BRDA:77,16,0,0
BRDA:77,16,1,0
BRDA:83,17,0,0
BRDA:83,17,1,0
BRDA:83,18,0,0
BRDA:83,18,1,0
BRDA:84,19,0,0
BRDA:84,19,1,0
BRDA:84,20,0,0
BRDA:84,20,1,0
BRDA:84,21,0,0
BRDA:84,21,1,0
BRDA:88,22,0,0
BRDA:88,22,1,0
BRDA:90,23,0,0
BRDA:90,24,0,0
BRDA:90,24,1,0
BRDA:95,25,0,0
BRDA:95,26,0,0
BRDA:95,26,1,0
BRDA:101,27,0,0
BRDA:101,27,1,0
BRDA:101,28,0,0
BRDA:101,28,1,0
BRDA:101,29,0,0
BRDA:101,29,1,0
BRDA:104,30,0,0
BRDA:104,30,1,0
BRDA:105,31,0,0
BRDA:105,31,1,0
BRDA:105,32,0,0
BRDA:105,32,1,0
BRDA:106,33,0,0
BRDA:106,33,1,0
BRDA:106,33,2,0
BRDA:106,33,3,0
BRDA:106,34,0,0
BRDA:106,34,1,0
BRDA:106,35,0,0
BRDA:106,35,1,0
BRDA:106,36,0,0
BRDA:106,36,1,0
BRDA:106,37,0,0
BRDA:106,37,1,0
BRDA:107,38,0,0
BRDA:118,39,0,0
BRDA:129,40,0,4
BRDA:132,41,0,4
BRDA:132,41,1,3
BRDA:132,42,0,2
BRDA:132,42,1,2
BRDA:132,43,0,4
BRDA:132,43,1,4
BRDA:132,44,0,2
BRDA:132,44,1,2
BRDA:132,45,0,4
BRDA:132,45,1,4
BRDA:146,46,0,0
BRDA:146,47,0,0
BRDA:146,47,1,0
BRDA:146,48,0,0
BRDA:146,48,1,0
BRF:92
BRH:11
end_of_record
TN:
SF:src/services/endPoints.ts
FN:19,(anonymous_0)
FN:26,(anonymous_1)
FN:30,(anonymous_2)
FN:38,(anonymous_3)
FNF:4
FNH:4
FNDA:2,(anonymous_0)
FNDA:1,(anonymous_1)
FNDA:1,(anonymous_2)
FNDA:1,(anonymous_3)
DA:4,6
DA:8,6
DA:19,2
DA:26,1
DA:30,1
DA:38,1
LF:6
LH:6
BRF:0
BRH:0
end_of_record
TN:
SF:src/store/auth.ts
FN:19,(anonymous_0)
FN:24,(anonymous_1)
FN:29,(anonymous_2)
FN:31,(anonymous_3)
FN:41,(anonymous_4)
FNF:5
FNH:5
FNDA:4,(anonymous_0)
FNDA:2,(anonymous_1)
FNDA:2,(anonymous_2)
FNDA:4,(anonymous_3)
FNDA:7,(anonymous_4)
DA:1,2
DA:19,2
DA:20,4
DA:21,4
DA:24,2
DA:29,2
DA:32,4
DA:33,3
DA:34,3
DA:36,1
DA:37,1
DA:42,7
DA:43,7
LF:13
LH:13
BRDA:32,0,0,3
BRDA:32,0,1,1
BRF:2
BRH:2
end_of_record
TN:
SF:src/store/guides.ts
FN:12,(anonymous_0)
FN:15,(anonymous_1)
FN:16,(anonymous_2)
FN:17,(anonymous_3)
FNF:4
FNH:4
FNDA:1,(anonymous_0)
FNDA:2,(anonymous_1)
FNDA:2,(anonymous_2)
FNDA:5,(anonymous_3)
DA:1,1
DA:12,1
DA:15,2
DA:16,2
DA:17,5
LF:5
LH:5
BRF:0
BRH:0
end_of_record
TN:
SF:src/store/notifications.ts
FN:21,(anonymous_0)
FN:23,(anonymous_1)
FN:24,(anonymous_2)
FN:34,(anonymous_3)
FN:35,(anonymous_4)
FN:36,(anonymous_5)
FN:38,(anonymous_6)
FNF:7
FNH:7
FNDA:1,(anonymous_0)
FNDA:10,(anonymous_1)
FNDA:10,(anonymous_2)
FNDA:2,(anonymous_3)
FNDA:2,(anonymous_4)
FNDA:2,(anonymous_5)
FNDA:9,(anonymous_6)
DA:1,1
DA:2,1
DA:21,1
DA:24,10
DA:35,2
DA:36,2
DA:38,9
LF:7
LH:7
BRF:0
BRH:0
end_of_record
TN:
SF:src/store/payments.ts
FN:12,(anonymous_0)
FN:15,(anonymous_1)
FN:16,(anonymous_2)
FN:17,(anonymous_3)
FNF:4
FNH:4
FNDA:1,(anonymous_0)
FNDA:2,(anonymous_1)
FNDA:2,(anonymous_2)
FNDA:5,(anonymous_3)
DA:1,1
DA:12,1
DA:15,2
DA:16,2
DA:17,5
LF:5
LH:5
BRF:0
BRH:0
end_of_record
TN:
SF:src/store/queries.ts
FN:19,(anonymous_0)
FN:30,(anonymous_1)
FN:37,(anonymous_2)
FN:41,(anonymous_3)
FN:42,(anonymous_4)
FN:49,(anonymous_5)
FN:59,(anonymous_6)
FN:60,(anonymous_7)
FNF:8
FNH:8
FNDA:21,(anonymous_0)
FNDA:1,(anonymous_1)
FNDA:10,(anonymous_2)
FNDA:2,(anonymous_3)
FNDA:13,(anonymous_4)
FNDA:9,(anonymous_5)
FNDA:20,(anonymous_6)
FNDA:23,(anonymous_7)
DA:1,1
DA:19,1
DA:20,21
DA:21,8
DA:23,13
DA:24,11
DA:25,11
DA:27,2
DA:30,1
DA:37,10
DA:41,2
DA:42,13
DA:50,9
DA:53,9
DA:54,1
DA:55,1
DA:59,8
DA:60,20
DA:62,23
DA:65,21
DA:66,21
DA:69,18
DA:72,8
LF:23
LH:23
BRDA:20,0,0,8
BRDA:21,1,0,1
BRDA:21,1,1,7
BRDA:21,2,0,8
BRDA:21,2,1,8
BRDA:23,3,0,11
BRDA:25,4,0,0
BRDA:25,4,1,11
BRDA:25,5,0,11
BRDA:25,5,1,11
BRDA:53,6,0,1
BRDA:53,7,0,9
BRDA:53,7,1,9
BRDA:62,8,0,2
BRDA:66,9,0,3
BRF:15
BRH:14
end_of_record
TN:
SF:src/store/services.ts
FN:19,(anonymous_0)
FN:21,(anonymous_1)
FN:21,(anonymous_2)
FN:24,(anonymous_3)
FNF:4
FNH:4
FNDA:1,(anonymous_0)
FNDA:4,(anonymous_1)
FNDA:4,(anonymous_2)
FNDA:5,(anonymous_3)
DA:1,1
DA:19,1
DA:21,4
DA:24,5
LF:4
LH:4
BRDA:22,0,0,1
BRDA:22,0,1,3
BRF:2
BRH:2
end_of_record
TN:
SF:src/store/useStore.ts
FN:9,(anonymous_0)
FN:11,(anonymous_1)
FN:11,(anonymous_2)
FN:12,(anonymous_3)
FN:12,(anonymous_4)
FNF:5
FNH:5
FNDA:1,(anonymous_0)
FNDA:7,(anonymous_1)
FNDA:7,(anonymous_2)
FNDA:5,(anonymous_3)
FNDA:5,(anonymous_4)
DA:1,1
DA:9,1
DA:11,7
DA:12,5
LF:4
LH:4
BRF:0
BRH:0
end_of_record
TN:
SF:src/store/users.ts
FN:12,(anonymous_0)
FN:15,(anonymous_1)
FN:16,(anonymous_2)
FN:17,(anonymous_3)
FNF:4
FNH:4
FNDA:1,(anonymous_0)
FNDA:2,(anonymous_1)
FNDA:2,(anonymous_2)
FNDA:5,(anonymous_3)
DA:1,1
DA:12,1
DA:15,2
DA:16,2
DA:17,5
LF:5
LH:5
BRF:0
BRH:0
end_of_record
TN:
SF:src/types/apiResponses.ts
FN:253,getApiStaticResponse
FN:254,(anonymous_1)
FNF:2
FNH:0
FNDA:0,getApiStaticResponse
FNDA:0,(anonymous_1)
DA:9,0
DA:253,0
DA:254,0
LF:3
LH:0
BRF:0
BRH:0
end_of_record
